<?xml version="1.0" encoding="UTF-8"?>
<!-- Generated by org.testng.reporters.JUnitXMLReporter -->
<testsuite hostname="JESS-DELL-LAPTOP-PNJ8QBL" ignored="0" name="ChatApp" tests="4" failures="1" timestamp="31 May 2021 08:31:28 GMT" time="10.568" errors="0">
  <testcase name="chatLoads" time="0.044" classname="com.pager.testcases.ChatAppTest"/>
  <testcase name="joinChat" time="0.404" classname="com.pager.testcases.ChatAppTest"/>
  <testcase name="sendAMessage" time="1.175" classname="com.pager.testcases.ChatAppTest"/>
  <testcase name="signoutOfChat" time="0.116" classname="com.pager.testcases.ChatAppTest">
    <failure type="java.lang.AssertionError" message="Signout url not verified -Actual: https://pager-qa-hiring.herokuapp.com/#/chat -Excpected to contain:  signout expected [true] but found [false]">
      <![CDATA[java.lang.AssertionError: Signout url not verified -Actual: https://pager-qa-hiring.herokuapp.com/#/chat -Excpected to contain:  signout expected [true] but found [false]
	at com.pager.utility.Helper.VerifyPartialText(Helper.java:65)
	at com.pager.testcases.ChatAppTest.signoutOfChat(ChatAppTest.java:98)
... Removed 28 stack frames]]>
    </failure>
  </testcase> <!-- signoutOfChat -->
</testsuite> <!-- ChatApp -->
